\BOOKMARK [1][-]{section.1}{Ejercicio 1}{}
\BOOKMARK [2][-]{subsection.1.1}{Desarrollo}{section.1}
\BOOKMARK [2][-]{subsection.1.2}{Correctitud}{section.1}
\BOOKMARK [3][-]{subsubsection.1.2.1}{Demo}{subsection.1.2}
\BOOKMARK [2][-]{subsection.1.3}{Resultados}{section.1}
\BOOKMARK [1][-]{section.2}{Ejercicio 2}{}
\BOOKMARK [2][-]{subsection.2.1}{Desarrollo}{section.2}
\BOOKMARK [2][-]{subsection.2.2}{Correctitud}{section.2}
\BOOKMARK [3][-]{subsubsection.2.2.1}{Demo}{subsection.2.2}
\BOOKMARK [2][-]{subsection.2.3}{Resultados}{section.2}
\BOOKMARK [1][-]{section.3}{Ejercicio 3}{}
\BOOKMARK [2][-]{subsection.3.1}{Desarrollo}{section.3}
\BOOKMARK [2][-]{subsection.3.2}{Correctitud}{section.3}
\BOOKMARK [3][-]{subsubsection.3.2.1}{Demo}{subsection.3.2}
\BOOKMARK [2][-]{subsection.3.3}{Resultados}{section.3}
\BOOKMARK [1][-]{section.4}{Ejercicio 4}{}
\BOOKMARK [2][-]{subsection.4.1}{Desarrollo}{section.4}
\BOOKMARK [2][-]{subsection.4.2}{Correctitud}{section.4}
\BOOKMARK [3][-]{subsubsection.4.2.1}{Demo}{subsection.4.2}
\BOOKMARK [2][-]{subsection.4.3}{Resultados}{section.4}
\BOOKMARK [1][-]{section.5}{Conclusiones}{}
\BOOKMARK [1][-]{section.6}{Librer\355as b\341sicas}{}
\BOOKMARK [1][-]{section.7}{Referencias}{}
